<?xml version="1.0" encoding="UTF-8"?>
<testsuite name="org.raaghav.validator.ValidatorExecutorMockTest" tests="4" skipped="0" failures="0" errors="0" timestamp="2020-06-16T21:11:17" hostname="SUPPORT-DEV-PC" time="0.016">
  <properties/>
  <testcase name="validateTrade_FailureTest_TradeMaturityDateValidationTest" classname="org.raaghav.validator.ValidatorExecutorMockTest" time="0.004"/>
  <testcase name="validateTrade_SuccessTest" classname="org.raaghav.validator.ValidatorExecutorMockTest" time="0.003"/>
  <testcase name="validateTrade_FailureTest_TradeVersionValidationTest" classname="org.raaghav.validator.ValidatorExecutorMockTest" time="0.003"/>
  <testcase name="validateTrade_FailureTest_TradeVersionValidationTest_TradeMaturityDateValidationTest" classname="org.raaghav.validator.ValidatorExecutorMockTest" time="0.003"/>
  <system-out><![CDATA[2020-06-17 02:41:16.570  INFO 9468 --- [    Test worker] .b.t.c.SpringBootTestContextBootstrapper : Neither @ContextConfiguration nor @ContextHierarchy found for test class [org.raaghav.validator.ValidatorExecutorMockTest], using SpringBootContextLoader
2020-06-17 02:41:16.570  INFO 9468 --- [    Test worker] o.s.t.c.support.AbstractContextLoader    : Could not detect default resource locations for test class [org.raaghav.validator.ValidatorExecutorMockTest]: no resource found for suffixes {-context.xml, Context.groovy}.
2020-06-17 02:41:16.570  INFO 9468 --- [    Test worker] t.c.s.AnnotationConfigContextLoaderUtils : Could not detect default configuration classes for test class [org.raaghav.validator.ValidatorExecutorMockTest]: ValidatorExecutorMockTest does not declare any static, non-private, non-final, nested classes annotated with @Configuration.
2020-06-17 02:41:16.570  INFO 9468 --- [    Test worker] .b.t.c.SpringBootTestContextBootstrapper : Found @SpringBootConfiguration org.raaghav.Application for test class org.raaghav.validator.ValidatorExecutorMockTest
2020-06-17 02:41:16.570  INFO 9468 --- [    Test worker] .b.t.c.SpringBootTestContextBootstrapper : Loaded default TestExecutionListener class names from location [META-INF/spring.factories]: [org.springframework.boot.test.autoconfigure.restdocs.RestDocsTestExecutionListener, org.springframework.boot.test.autoconfigure.web.client.MockRestServiceServerResetTestExecutionListener, org.springframework.boot.test.autoconfigure.web.servlet.MockMvcPrintOnlyOnFailureTestExecutionListener, org.springframework.boot.test.autoconfigure.web.servlet.WebDriverTestExecutionListener, org.springframework.boot.test.mock.mockito.MockitoTestExecutionListener, org.springframework.boot.test.mock.mockito.ResetMocksTestExecutionListener, org.springframework.test.context.web.ServletTestExecutionListener, org.springframework.test.context.support.DirtiesContextBeforeModesTestExecutionListener, org.springframework.test.context.support.DependencyInjectionTestExecutionListener, org.springframework.test.context.support.DirtiesContextTestExecutionListener, org.springframework.test.context.transaction.TransactionalTestExecutionListener, org.springframework.test.context.jdbc.SqlScriptsTestExecutionListener, org.springframework.test.context.event.EventPublishingTestExecutionListener]
2020-06-17 02:41:16.570  INFO 9468 --- [    Test worker] .b.t.c.SpringBootTestContextBootstrapper : Using TestExecutionListeners: [org.springframework.test.context.web.ServletTestExecutionListener@304dd82d, org.springframework.test.context.support.DirtiesContextBeforeModesTestExecutionListener@51a3c16b, org.springframework.boot.test.mock.mockito.MockitoTestExecutionListener@343e6151, org.springframework.boot.test.autoconfigure.SpringBootDependencyInjectionTestExecutionListener@2d5ed52, org.springframework.test.context.support.DirtiesContextTestExecutionListener@5c07c195, org.springframework.test.context.event.EventPublishingTestExecutionListener@13e0ebe7, org.springframework.boot.test.autoconfigure.restdocs.RestDocsTestExecutionListener@54932423, org.springframework.boot.test.autoconfigure.web.client.MockRestServiceServerResetTestExecutionListener@7901fc9e, org.springframework.boot.test.autoconfigure.web.servlet.MockMvcPrintOnlyOnFailureTestExecutionListener@1be88142, org.springframework.boot.test.autoconfigure.web.servlet.WebDriverTestExecutionListener@fc3ee0b, org.springframework.boot.test.mock.mockito.ResetMocksTestExecutionListener@423c71ec]

  .   ____          _            __ _ _
 /\\ / ___'_ __ _ _(_)_ __  __ _ \ \ \ \
( ( )\___ | '_ | '_| | '_ \/ _` | \ \ \ \
 \\/  ___)| |_)| | | | | || (_| |  ) ) ) )
  '  |____| .__|_| |_|_| |_\__, | / / / /
 =========|_|==============|___/=/_/_/_/
 :: Spring Boot ::        (v2.2.2.RELEASE)

2020-06-17 02:41:16.616  INFO 9468 --- [    Test worker] o.r.validator.ValidatorExecutorMockTest  : Starting ValidatorExecutorMockTest on SUPPORT-DEV-PC with PID 9468 (started by SUPPORT-DEV in C:\Users\SUPPORT-DEV\IdeaProjects\trade-store)
2020-06-17 02:41:16.616  INFO 9468 --- [    Test worker] o.r.validator.ValidatorExecutorMockTest  : No active profile set, falling back to default profiles: default
2020-06-17 02:41:17.159  INFO 9468 --- [    Test worker] o.s.s.concurrent.ThreadPoolTaskExecutor  : Initializing ExecutorService 'applicationTaskExecutor'
2020-06-17 02:41:17.337  INFO 9468 --- [    Test worker] o.r.validator.ValidatorExecutorMockTest  : Started ValidatorExecutorMockTest in 0.769 seconds (JVM running for 7.587)
]]></system-out>
  <system-err><![CDATA[]]></system-err>
</testsuite>
