<?xml version="1.0" encoding="UTF-8"?>
<testsuite name="org.raaghav.helper.TradingHelperMockTest" tests="1" skipped="0" failures="0" errors="0" timestamp="2020-06-16T21:11:14" hostname="SUPPORT-DEV-PC" time="0.041">
  <properties/>
  <testcase name="updateTradeExpiryStatus_SuccessTest" classname="org.raaghav.helper.TradingHelperMockTest" time="0.041"/>
  <system-out><![CDATA[02:41:10.625 [Test worker] DEBUG org.springframework.test.context.junit4.SpringJUnit4ClassRunner - SpringJUnit4ClassRunner constructor called with [class org.raaghav.helper.TradingHelperMockTest]
02:41:10.641 [Test worker] DEBUG org.springframework.test.context.BootstrapUtils - Instantiating CacheAwareContextLoaderDelegate from class [org.springframework.test.context.cache.DefaultCacheAwareContextLoaderDelegate]
02:41:10.657 [Test worker] DEBUG org.springframework.test.context.BootstrapUtils - Instantiating BootstrapContext using constructor [public org.springframework.test.context.support.DefaultBootstrapContext(java.lang.Class,org.springframework.test.context.CacheAwareContextLoaderDelegate)]
02:41:10.693 [Test worker] DEBUG org.springframework.test.context.BootstrapUtils - Instantiating TestContextBootstrapper for test class [org.raaghav.helper.TradingHelperMockTest] from class [org.springframework.boot.test.context.SpringBootTestContextBootstrapper]
02:41:10.724 [Test worker] INFO org.springframework.boot.test.context.SpringBootTestContextBootstrapper - Neither @ContextConfiguration nor @ContextHierarchy found for test class [org.raaghav.helper.TradingHelperMockTest], using SpringBootContextLoader
02:41:10.740 [Test worker] DEBUG org.springframework.test.context.support.AbstractContextLoader - Did not detect default resource location for test class [org.raaghav.helper.TradingHelperMockTest]: class path resource [org/raaghav/helper/TradingHelperMockTest-context.xml] does not exist
02:41:10.740 [Test worker] DEBUG org.springframework.test.context.support.AbstractContextLoader - Did not detect default resource location for test class [org.raaghav.helper.TradingHelperMockTest]: class path resource [org/raaghav/helper/TradingHelperMockTestContext.groovy] does not exist
02:41:10.740 [Test worker] INFO org.springframework.test.context.support.AbstractContextLoader - Could not detect default resource locations for test class [org.raaghav.helper.TradingHelperMockTest]: no resource found for suffixes {-context.xml, Context.groovy}.
02:41:10.740 [Test worker] INFO org.springframework.test.context.support.AnnotationConfigContextLoaderUtils - Could not detect default configuration classes for test class [org.raaghav.helper.TradingHelperMockTest]: TradingHelperMockTest does not declare any static, non-private, non-final, nested classes annotated with @Configuration.
02:41:10.802 [Test worker] DEBUG org.springframework.test.context.support.ActiveProfilesUtils - Could not find an 'annotation declaring class' for annotation type [org.springframework.test.context.ActiveProfiles] and class [org.raaghav.helper.TradingHelperMockTest]
02:41:10.880 [Test worker] DEBUG org.springframework.context.annotation.ClassPathScanningCandidateComponentProvider - Identified candidate component class: file [C:\Users\SUPPORT-DEV\IdeaProjects\trade-store\build\classes\java\main\org\raaghav\Application.class]
02:41:10.880 [Test worker] INFO org.springframework.boot.test.context.SpringBootTestContextBootstrapper - Found @SpringBootConfiguration org.raaghav.Application for test class org.raaghav.helper.TradingHelperMockTest
02:41:10.994 [Test worker] DEBUG org.springframework.boot.test.context.SpringBootTestContextBootstrapper - @TestExecutionListeners is not present for class [org.raaghav.helper.TradingHelperMockTest]: using defaults.
02:41:10.994 [Test worker] INFO org.springframework.boot.test.context.SpringBootTestContextBootstrapper - Loaded default TestExecutionListener class names from location [META-INF/spring.factories]: [org.springframework.boot.test.autoconfigure.restdocs.RestDocsTestExecutionListener, org.springframework.boot.test.autoconfigure.web.client.MockRestServiceServerResetTestExecutionListener, org.springframework.boot.test.autoconfigure.web.servlet.MockMvcPrintOnlyOnFailureTestExecutionListener, org.springframework.boot.test.autoconfigure.web.servlet.WebDriverTestExecutionListener, org.springframework.boot.test.mock.mockito.MockitoTestExecutionListener, org.springframework.boot.test.mock.mockito.ResetMocksTestExecutionListener, org.springframework.test.context.web.ServletTestExecutionListener, org.springframework.test.context.support.DirtiesContextBeforeModesTestExecutionListener, org.springframework.test.context.support.DependencyInjectionTestExecutionListener, org.springframework.test.context.support.DirtiesContextTestExecutionListener, org.springframework.test.context.transaction.TransactionalTestExecutionListener, org.springframework.test.context.jdbc.SqlScriptsTestExecutionListener, org.springframework.test.context.event.EventPublishingTestExecutionListener]
02:41:10.994 [Test worker] DEBUG org.springframework.boot.test.context.SpringBootTestContextBootstrapper - Skipping candidate TestExecutionListener [org.springframework.test.context.transaction.TransactionalTestExecutionListener] due to a missing dependency. Specify custom listener classes or make the default listener classes and their required dependencies available. Offending class: [org/springframework/transaction/interceptor/TransactionAttributeSource]
02:41:10.994 [Test worker] DEBUG org.springframework.boot.test.context.SpringBootTestContextBootstrapper - Skipping candidate TestExecutionListener [org.springframework.test.context.jdbc.SqlScriptsTestExecutionListener] due to a missing dependency. Specify custom listener classes or make the default listener classes and their required dependencies available. Offending class: [org/springframework/transaction/interceptor/TransactionAttribute]
02:41:10.994 [Test worker] INFO org.springframework.boot.test.context.SpringBootTestContextBootstrapper - Using TestExecutionListeners: [org.springframework.test.context.web.ServletTestExecutionListener@7a1d8869, org.springframework.test.context.support.DirtiesContextBeforeModesTestExecutionListener@66ae6883, org.springframework.boot.test.mock.mockito.MockitoTestExecutionListener@556b300e, org.springframework.boot.test.autoconfigure.SpringBootDependencyInjectionTestExecutionListener@3d51a0c5, org.springframework.test.context.support.DirtiesContextTestExecutionListener@2b1929c6, org.springframework.test.context.event.EventPublishingTestExecutionListener@3ee6a656, org.springframework.boot.test.autoconfigure.restdocs.RestDocsTestExecutionListener@32811ac4, org.springframework.boot.test.autoconfigure.web.client.MockRestServiceServerResetTestExecutionListener@2e6c3d9, org.springframework.boot.test.autoconfigure.web.servlet.MockMvcPrintOnlyOnFailureTestExecutionListener@60d38d5a, org.springframework.boot.test.autoconfigure.web.servlet.WebDriverTestExecutionListener@6b8c4300, org.springframework.boot.test.mock.mockito.ResetMocksTestExecutionListener@51e1338f]
02:41:11.010 [Test worker] DEBUG org.springframework.test.annotation.ProfileValueUtils - Retrieved @ProfileValueSourceConfiguration [null] for test class [org.raaghav.helper.TradingHelperMockTest]
02:41:11.010 [Test worker] DEBUG org.springframework.test.annotation.ProfileValueUtils - Retrieved ProfileValueSource type [class org.springframework.test.annotation.SystemProfileValueSource] for class [org.raaghav.helper.TradingHelperMockTest]
02:41:11.010 [Test worker] DEBUG org.springframework.test.annotation.ProfileValueUtils - Retrieved @ProfileValueSourceConfiguration [null] for test class [org.raaghav.helper.TradingHelperMockTest]
02:41:11.010 [Test worker] DEBUG org.springframework.test.annotation.ProfileValueUtils - Retrieved ProfileValueSource type [class org.springframework.test.annotation.SystemProfileValueSource] for class [org.raaghav.helper.TradingHelperMockTest]
02:41:11.010 [Test worker] DEBUG org.springframework.test.context.support.AbstractDirtiesContextTestExecutionListener - Before test class: context [DefaultTestContext@2f1e828e testClass = TradingHelperMockTest, testInstance = [null], testMethod = [null], testException = [null], mergedContextConfiguration = [WebMergedContextConfiguration@c9d288 testClass = TradingHelperMockTest, locations = '{}', classes = '{class org.raaghav.Application}', contextInitializerClasses = '[]', activeProfiles = '{}', propertySourceLocations = '{}', propertySourceProperties = '{org.springframework.boot.test.context.SpringBootTestContextBootstrapper=true}', contextCustomizers = set[org.springframework.boot.test.autoconfigure.properties.PropertyMappingContextCustomizer@0, org.springframework.boot.test.autoconfigure.web.servlet.WebDriverContextCustomizerFactory$Customizer@21f076b0, org.springframework.boot.test.context.filter.ExcludeFilterContextCustomizer@4f6cdc0a, org.springframework.boot.test.json.DuplicateJsonObjectContextCustomizerFactory$DuplicateJsonObjectContextCustomizer@6b69422d, org.springframework.boot.test.mock.mockito.MockitoContextCustomizer@54b78f18, org.springframework.boot.test.web.client.TestRestTemplateContextCustomizer@745042f1], resourceBasePath = 'src/main/webapp', contextLoader = 'org.springframework.boot.test.context.SpringBootContextLoader', parent = [null]], attributes = map['org.springframework.test.context.web.ServletTestExecutionListener.activateListener' -> true]], class annotated with @DirtiesContext [false] with mode [null].
02:41:11.010 [Test worker] DEBUG org.springframework.test.annotation.ProfileValueUtils - Retrieved @ProfileValueSourceConfiguration [null] for test class [org.raaghav.helper.TradingHelperMockTest]
02:41:11.010 [Test worker] DEBUG org.springframework.test.annotation.ProfileValueUtils - Retrieved ProfileValueSource type [class org.springframework.test.annotation.SystemProfileValueSource] for class [org.raaghav.helper.TradingHelperMockTest]
02:41:11.041 [Test worker] DEBUG org.springframework.test.context.support.TestPropertySourceUtils - Adding inlined properties to environment: {spring.jmx.enabled=false, org.springframework.boot.test.context.SpringBootTestContextBootstrapper=true, server.port=-1}

  .   ____          _            __ _ _
 /\\ / ___'_ __ _ _(_)_ __  __ _ \ \ \ \
( ( )\___ | '_ | '_| | '_ \/ _` | \ \ \ \
 \\/  ___)| |_)| | | | | || (_| |  ) ) ) )
  '  |____| .__|_| |_|_| |_\__, | / / / /
 =========|_|==============|___/=/_/_/_/
 :: Spring Boot ::        (v2.2.2.RELEASE)

2020-06-17 02:41:11.409  INFO 9468 --- [    Test worker] o.raaghav.helper.TradingHelperMockTest   : Starting TradingHelperMockTest on SUPPORT-DEV-PC with PID 9468 (started by SUPPORT-DEV in C:\Users\SUPPORT-DEV\IdeaProjects\trade-store)
2020-06-17 02:41:11.409  INFO 9468 --- [    Test worker] o.raaghav.helper.TradingHelperMockTest   : No active profile set, falling back to default profiles: default
2020-06-17 02:41:13.703  INFO 9468 --- [    Test worker] o.s.s.concurrent.ThreadPoolTaskExecutor  : Initializing ExecutorService 'applicationTaskExecutor'
2020-06-17 02:41:14.137  INFO 9468 --- [    Test worker] o.raaghav.helper.TradingHelperMockTest   : Started TradingHelperMockTest in 3.089 seconds (JVM running for 4.379)
]]></system-out>
  <system-err><![CDATA[]]></system-err>
</testsuite>
