<?xml version="1.0" encoding="UTF-8"?>
<testsuite name="org.raaghav.validator.TradeVersionValidatorMockTest" tests="3" skipped="0" failures="0" errors="0" timestamp="2020-06-16T21:11:16" hostname="SUPPORT-DEV-PC" time="0.016">
  <properties/>
  <testcase name="validateTrade_SuccessTest_NewTradeVerGreaterThanExistingTradeMaxId" classname="org.raaghav.validator.TradeVersionValidatorMockTest" time="0.005"/>
  <testcase name="validateTrade_FailureTest_NewTradeVerLesserThanExistingTradeMaxId" classname="org.raaghav.validator.TradeVersionValidatorMockTest" time="0.005"/>
  <testcase name="validateTrade_SuccessTest_NewTradeVerEqualsExistingTradeMaxId" classname="org.raaghav.validator.TradeVersionValidatorMockTest" time="0.004"/>
  <system-out><![CDATA[2020-06-17 02:41:16.538  INFO 9468 --- [    Test worker] .b.t.c.SpringBootTestContextBootstrapper : Neither @ContextConfiguration nor @ContextHierarchy found for test class [org.raaghav.validator.TradeVersionValidatorMockTest], using SpringBootContextLoader
2020-06-17 02:41:16.538  INFO 9468 --- [    Test worker] o.s.t.c.support.AbstractContextLoader    : Could not detect default resource locations for test class [org.raaghav.validator.TradeVersionValidatorMockTest]: no resource found for suffixes {-context.xml, Context.groovy}.
2020-06-17 02:41:16.538  INFO 9468 --- [    Test worker] t.c.s.AnnotationConfigContextLoaderUtils : Could not detect default configuration classes for test class [org.raaghav.validator.TradeVersionValidatorMockTest]: TradeVersionValidatorMockTest does not declare any static, non-private, non-final, nested classes annotated with @Configuration.
2020-06-17 02:41:16.538  INFO 9468 --- [    Test worker] .b.t.c.SpringBootTestContextBootstrapper : Found @SpringBootConfiguration org.raaghav.Application for test class org.raaghav.validator.TradeVersionValidatorMockTest
2020-06-17 02:41:16.538  INFO 9468 --- [    Test worker] .b.t.c.SpringBootTestContextBootstrapper : Loaded default TestExecutionListener class names from location [META-INF/spring.factories]: [org.springframework.boot.test.autoconfigure.restdocs.RestDocsTestExecutionListener, org.springframework.boot.test.autoconfigure.web.client.MockRestServiceServerResetTestExecutionListener, org.springframework.boot.test.autoconfigure.web.servlet.MockMvcPrintOnlyOnFailureTestExecutionListener, org.springframework.boot.test.autoconfigure.web.servlet.WebDriverTestExecutionListener, org.springframework.boot.test.mock.mockito.MockitoTestExecutionListener, org.springframework.boot.test.mock.mockito.ResetMocksTestExecutionListener, org.springframework.test.context.web.ServletTestExecutionListener, org.springframework.test.context.support.DirtiesContextBeforeModesTestExecutionListener, org.springframework.test.context.support.DependencyInjectionTestExecutionListener, org.springframework.test.context.support.DirtiesContextTestExecutionListener, org.springframework.test.context.transaction.TransactionalTestExecutionListener, org.springframework.test.context.jdbc.SqlScriptsTestExecutionListener, org.springframework.test.context.event.EventPublishingTestExecutionListener]
2020-06-17 02:41:16.538  INFO 9468 --- [    Test worker] .b.t.c.SpringBootTestContextBootstrapper : Using TestExecutionListeners: [org.springframework.test.context.web.ServletTestExecutionListener@959f7c4, org.springframework.test.context.support.DirtiesContextBeforeModesTestExecutionListener@2d29255c, org.springframework.boot.test.mock.mockito.MockitoTestExecutionListener@37230b5a, org.springframework.boot.test.autoconfigure.SpringBootDependencyInjectionTestExecutionListener@47fee6b4, org.springframework.test.context.support.DirtiesContextTestExecutionListener@15fde58, org.springframework.test.context.event.EventPublishingTestExecutionListener@65b818ea, org.springframework.boot.test.autoconfigure.restdocs.RestDocsTestExecutionListener@4aeea6dc, org.springframework.boot.test.autoconfigure.web.client.MockRestServiceServerResetTestExecutionListener@7a953273, org.springframework.boot.test.autoconfigure.web.servlet.MockMvcPrintOnlyOnFailureTestExecutionListener@5c78e67, org.springframework.boot.test.autoconfigure.web.servlet.WebDriverTestExecutionListener@209da97d, org.springframework.boot.test.mock.mockito.ResetMocksTestExecutionListener@1ffa23f4]
]]></system-out>
  <system-err><![CDATA[]]></system-err>
</testsuite>
