<?xml version="1.0" encoding="UTF-8"?>
<testsuite name="org.raaghav.service.TradingServiceMockTest" tests="7" skipped="0" failures="0" errors="0" timestamp="2020-06-16T21:11:15" hostname="SUPPORT-DEV-PC" time="0.043">
  <properties/>
  <testcase name="acceptTrade_SuccessTest" classname="org.raaghav.service.TradingServiceMockTest" time="0.016"/>
  <testcase name="acceptTradeSuccess_TradeVersionValidationTest_TradeVersionGreaterThanExistingTradeMaxVersion" classname="org.raaghav.service.TradingServiceMockTest" time="0.003"/>
  <testcase name="acceptTradeFailure_MaturityDateValidationTest_MaturityDateLessThanTodaysDate" classname="org.raaghav.service.TradingServiceMockTest" time="0.004"/>
  <testcase name="acceptTradeFailure_TradeVersionValidationTest_TradeVersionSameAsExistingTradeMaxVersion" classname="org.raaghav.service.TradingServiceMockTest" time="0.004"/>
  <testcase name="acceptTradeSuccess_TradeVersionValidationTest_TradeVersionSmallerThanExistingTradeMaxVersion" classname="org.raaghav.service.TradingServiceMockTest" time="0.004"/>
  <testcase name="acceptTradeSuccess_MaturityDateValidationTest_MaturityDateGreaterThanTodaysDate" classname="org.raaghav.service.TradingServiceMockTest" time="0.003"/>
  <testcase name="acceptTradeSuccess_MaturityDateValidationTest_MaturityDateEqualsTodaysDate" classname="org.raaghav.service.TradingServiceMockTest" time="0.003"/>
  <system-out><![CDATA[2020-06-17 02:41:14.215  INFO 9468 --- [    Test worker] .b.t.c.SpringBootTestContextBootstrapper : Neither @ContextConfiguration nor @ContextHierarchy found for test class [org.raaghav.service.TradingServiceMockTest], using SpringBootContextLoader
2020-06-17 02:41:14.215  INFO 9468 --- [    Test worker] o.s.t.c.support.AbstractContextLoader    : Could not detect default resource locations for test class [org.raaghav.service.TradingServiceMockTest]: no resource found for suffixes {-context.xml, Context.groovy}.
2020-06-17 02:41:14.215  INFO 9468 --- [    Test worker] t.c.s.AnnotationConfigContextLoaderUtils : Could not detect default configuration classes for test class [org.raaghav.service.TradingServiceMockTest]: TradingServiceMockTest does not declare any static, non-private, non-final, nested classes annotated with @Configuration.
2020-06-17 02:41:14.215  INFO 9468 --- [    Test worker] .b.t.c.SpringBootTestContextBootstrapper : Found @SpringBootConfiguration org.raaghav.Application for test class org.raaghav.service.TradingServiceMockTest
2020-06-17 02:41:14.231  INFO 9468 --- [    Test worker] .b.t.c.SpringBootTestContextBootstrapper : Loaded default TestExecutionListener class names from location [META-INF/spring.factories]: [org.springframework.boot.test.autoconfigure.restdocs.RestDocsTestExecutionListener, org.springframework.boot.test.autoconfigure.web.client.MockRestServiceServerResetTestExecutionListener, org.springframework.boot.test.autoconfigure.web.servlet.MockMvcPrintOnlyOnFailureTestExecutionListener, org.springframework.boot.test.autoconfigure.web.servlet.WebDriverTestExecutionListener, org.springframework.boot.test.mock.mockito.MockitoTestExecutionListener, org.springframework.boot.test.mock.mockito.ResetMocksTestExecutionListener, org.springframework.test.context.web.ServletTestExecutionListener, org.springframework.test.context.support.DirtiesContextBeforeModesTestExecutionListener, org.springframework.test.context.support.DependencyInjectionTestExecutionListener, org.springframework.test.context.support.DirtiesContextTestExecutionListener, org.springframework.test.context.transaction.TransactionalTestExecutionListener, org.springframework.test.context.jdbc.SqlScriptsTestExecutionListener, org.springframework.test.context.event.EventPublishingTestExecutionListener]
2020-06-17 02:41:14.231  INFO 9468 --- [    Test worker] .b.t.c.SpringBootTestContextBootstrapper : Using TestExecutionListeners: [org.springframework.test.context.web.ServletTestExecutionListener@3c79a608, org.springframework.test.context.support.DirtiesContextBeforeModesTestExecutionListener@78a90377, org.springframework.boot.test.mock.mockito.MockitoTestExecutionListener@303da049, org.springframework.boot.test.autoconfigure.SpringBootDependencyInjectionTestExecutionListener@110dec94, org.springframework.test.context.support.DirtiesContextTestExecutionListener@6035415b, org.springframework.test.context.event.EventPublishingTestExecutionListener@50b74491, org.springframework.boot.test.autoconfigure.restdocs.RestDocsTestExecutionListener@dd59926, org.springframework.boot.test.autoconfigure.web.client.MockRestServiceServerResetTestExecutionListener@73c2bd44, org.springframework.boot.test.autoconfigure.web.servlet.MockMvcPrintOnlyOnFailureTestExecutionListener@393715fe, org.springframework.boot.test.autoconfigure.web.servlet.WebDriverTestExecutionListener@534e5d85, org.springframework.boot.test.mock.mockito.ResetMocksTestExecutionListener@72f3e263]

  .   ____          _            __ _ _
 /\\ / ___'_ __ _ _(_)_ __  __ _ \ \ \ \
( ( )\___ | '_ | '_| | '_ \/ _` | \ \ \ \
 \\/  ___)| |_)| | | | | || (_| |  ) ) ) )
  '  |____| .__|_| |_|_| |_\__, | / / / /
 =========|_|==============|___/=/_/_/_/
 :: Spring Boot ::        (v2.2.2.RELEASE)

2020-06-17 02:41:14.277  INFO 9468 --- [    Test worker] o.r.service.TradingServiceMockTest       : Starting TradingServiceMockTest on SUPPORT-DEV-PC with PID 9468 (started by SUPPORT-DEV in C:\Users\SUPPORT-DEV\IdeaProjects\trade-store)
2020-06-17 02:41:14.277  INFO 9468 --- [    Test worker] o.r.service.TradingServiceMockTest       : No active profile set, falling back to default profiles: default
2020-06-17 02:41:15.394  INFO 9468 --- [    Test worker] o.s.s.concurrent.ThreadPoolTaskExecutor  : Initializing ExecutorService 'applicationTaskExecutor'
2020-06-17 02:41:15.666  INFO 9468 --- [    Test worker] o.r.service.TradingServiceMockTest       : Started TradingServiceMockTest in 1.428 seconds (JVM running for 5.903)
]]></system-out>
  <system-err><![CDATA[]]></system-err>
</testsuite>
