<?xml version="1.0" encoding="UTF-8"?>
<testsuite name="org.raaghav.validator.MaturityDateValidatorMockTest" tests="3" skipped="0" failures="0" errors="0" timestamp="2020-06-16T21:11:16" hostname="SUPPORT-DEV-PC" time="0.011">
  <properties/>
  <testcase name="validate_SuccessTest_TradeMaturityDateEqualsTodaysDate" classname="org.raaghav.validator.MaturityDateValidatorMockTest" time="0.003"/>
  <testcase name="validate_FailureTest_TradeMaturityDateLesserThanTodaysDate" classname="org.raaghav.validator.MaturityDateValidatorMockTest" time="0.003"/>
  <testcase name="validate_SuccessTest_TradeMaturityDateGreaterThanTodaysDate" classname="org.raaghav.validator.MaturityDateValidatorMockTest" time="0.003"/>
  <system-out><![CDATA[2020-06-17 02:41:15.716  INFO 9468 --- [    Test worker] .b.t.c.SpringBootTestContextBootstrapper : Neither @ContextConfiguration nor @ContextHierarchy found for test class [org.raaghav.validator.MaturityDateValidatorMockTest], using SpringBootContextLoader
2020-06-17 02:41:15.716  INFO 9468 --- [    Test worker] o.s.t.c.support.AbstractContextLoader    : Could not detect default resource locations for test class [org.raaghav.validator.MaturityDateValidatorMockTest]: no resource found for suffixes {-context.xml, Context.groovy}.
2020-06-17 02:41:15.716  INFO 9468 --- [    Test worker] t.c.s.AnnotationConfigContextLoaderUtils : Could not detect default configuration classes for test class [org.raaghav.validator.MaturityDateValidatorMockTest]: MaturityDateValidatorMockTest does not declare any static, non-private, non-final, nested classes annotated with @Configuration.
2020-06-17 02:41:15.726  INFO 9468 --- [    Test worker] .b.t.c.SpringBootTestContextBootstrapper : Found @SpringBootConfiguration org.raaghav.Application for test class org.raaghav.validator.MaturityDateValidatorMockTest
2020-06-17 02:41:15.729  INFO 9468 --- [    Test worker] .b.t.c.SpringBootTestContextBootstrapper : Loaded default TestExecutionListener class names from location [META-INF/spring.factories]: [org.springframework.boot.test.autoconfigure.restdocs.RestDocsTestExecutionListener, org.springframework.boot.test.autoconfigure.web.client.MockRestServiceServerResetTestExecutionListener, org.springframework.boot.test.autoconfigure.web.servlet.MockMvcPrintOnlyOnFailureTestExecutionListener, org.springframework.boot.test.autoconfigure.web.servlet.WebDriverTestExecutionListener, org.springframework.boot.test.mock.mockito.MockitoTestExecutionListener, org.springframework.boot.test.mock.mockito.ResetMocksTestExecutionListener, org.springframework.test.context.web.ServletTestExecutionListener, org.springframework.test.context.support.DirtiesContextBeforeModesTestExecutionListener, org.springframework.test.context.support.DependencyInjectionTestExecutionListener, org.springframework.test.context.support.DirtiesContextTestExecutionListener, org.springframework.test.context.transaction.TransactionalTestExecutionListener, org.springframework.test.context.jdbc.SqlScriptsTestExecutionListener, org.springframework.test.context.event.EventPublishingTestExecutionListener]
2020-06-17 02:41:15.729  INFO 9468 --- [    Test worker] .b.t.c.SpringBootTestContextBootstrapper : Using TestExecutionListeners: [org.springframework.test.context.web.ServletTestExecutionListener@4e60e37e, org.springframework.test.context.support.DirtiesContextBeforeModesTestExecutionListener@13b19074, org.springframework.boot.test.mock.mockito.MockitoTestExecutionListener@2a585525, org.springframework.boot.test.autoconfigure.SpringBootDependencyInjectionTestExecutionListener@615d3dd2, org.springframework.test.context.support.DirtiesContextTestExecutionListener@286f4994, org.springframework.test.context.event.EventPublishingTestExecutionListener@37c25edd, org.springframework.boot.test.autoconfigure.restdocs.RestDocsTestExecutionListener@5f5bd47d, org.springframework.boot.test.autoconfigure.web.client.MockRestServiceServerResetTestExecutionListener@57e0c1e9, org.springframework.boot.test.autoconfigure.web.servlet.MockMvcPrintOnlyOnFailureTestExecutionListener@5110168, org.springframework.boot.test.autoconfigure.web.servlet.WebDriverTestExecutionListener@200093a1, org.springframework.boot.test.mock.mockito.ResetMocksTestExecutionListener@217943e0]

  .   ____          _            __ _ _
 /\\ / ___'_ __ _ _(_)_ __  __ _ \ \ \ \
( ( )\___ | '_ | '_| | '_ \/ _` | \ \ \ \
 \\/  ___)| |_)| | | | | || (_| |  ) ) ) )
  '  |____| .__|_| |_|_| |_\__, | / / / /
 =========|_|==============|___/=/_/_/_/
 :: Spring Boot ::        (v2.2.2.RELEASE)

2020-06-17 02:41:15.756  INFO 9468 --- [    Test worker] o.r.v.MaturityDateValidatorMockTest      : Starting MaturityDateValidatorMockTest on SUPPORT-DEV-PC with PID 9468 (started by SUPPORT-DEV in C:\Users\SUPPORT-DEV\IdeaProjects\trade-store)
2020-06-17 02:41:15.756  INFO 9468 --- [    Test worker] o.r.v.MaturityDateValidatorMockTest      : No active profile set, falling back to default profiles: default
2020-06-17 02:41:16.289  INFO 9468 --- [    Test worker] o.s.s.concurrent.ThreadPoolTaskExecutor  : Initializing ExecutorService 'applicationTaskExecutor'
2020-06-17 02:41:16.523  INFO 9468 --- [    Test worker] o.r.v.MaturityDateValidatorMockTest      : Started MaturityDateValidatorMockTest in 0.79 seconds (JVM running for 6.759)
]]></system-out>
  <system-err><![CDATA[]]></system-err>
</testsuite>
